[2025-07-22 23:56:49:485][background-preinit] INFO  o.h.validator.internal.util.Version[21] - HV000001: Hibernate Validator 8.0.2.Final
[2025-07-22 23:56:49:519][main] INFO  com.SCSystem.ScSystemApplication[53] - Starting ScSystemApplication using Java 21.0.6 with PID 29056 (C:\dev\project\SCSystem\bin\main started by user in C:\dev\project\SCSystem)
[2025-07-22 23:56:49:519][main] INFO  com.SCSystem.ScSystemApplication[53] - Starting ScSystemApplication using Java 21.0.6 with PID 29056 (C:\dev\project\SCSystem\bin\main started by user in C:\dev\project\SCSystem)
[2025-07-22 23:56:49:519][main] DEBUG com.SCSystem.ScSystemApplication[54] - Running with Spring Boot v3.4.8-SNAPSHOT, Spring v6.2.9
[2025-07-22 23:56:49:519][main] DEBUG com.SCSystem.ScSystemApplication[54] - Running with Spring Boot v3.4.8-SNAPSHOT, Spring v6.2.9
[2025-07-22 23:56:49:521][main] INFO  com.SCSystem.ScSystemApplication[652] - No active profile set, falling back to 1 default profile: "default"
[2025-07-22 23:56:49:521][main] INFO  com.SCSystem.ScSystemApplication[652] - No active profile set, falling back to 1 default profile: "default"
[2025-07-22 23:56:50:1404][main] INFO  o.s.b.w.e.tomcat.TomcatWebServer[111] - Tomcat initialized with port 8080 (http)
[2025-07-22 23:56:50:1414][main] INFO  o.a.coyote.http11.Http11NioProtocol[168] - Initializing ProtocolHandler ["http-nio-8080"]
[2025-07-22 23:56:50:1415][main] INFO  o.a.catalina.core.StandardService[168] - Starting service [Tomcat]
[2025-07-22 23:56:50:1416][main] INFO  o.a.catalina.core.StandardEngine[168] - Starting Servlet engine: [Apache Tomcat/10.1.43]
[2025-07-22 23:56:50:1458][main] INFO  o.a.c.c.C.[Tomcat].[localhost].[/][168] - Initializing Spring embedded WebApplicationContext
[2025-07-22 23:56:50:1458][main] INFO  o.s.b.w.s.c.ServletWebServerApplicationContext[301] - Root WebApplicationContext: initialization completed in 908 ms
[2025-07-22 23:56:50:1521][main] WARN  o.s.b.w.s.c.AnnotationConfigServletWebServerApplicationContext[635] - Exception encountered during context initialization - cancelling refresh attempt: org.springframework.beans.factory.UnsatisfiedDependencyException: Error creating bean with name 'apiController': Unsatisfied dependency expressed through field 'apiService': Error creating bean with name 'apiService': Unsatisfied dependency expressed through field 'apiMapper': Error creating bean with name 'apiMapper' defined in file [C:\dev\project\SCSystem\bin\main\com\SCSystem\mapper\ApiMapper.class]: Cannot resolve reference to bean 'sqlSessionTemplate' while setting bean property 'sqlSessionTemplate'
[2025-07-22 23:56:50:1523][main] INFO  o.a.catalina.core.StandardService[168] - Stopping service [Tomcat]
[2025-07-22 23:56:50:1535][main] INFO  o.s.b.a.l.ConditionEvaluationReportLogger[82] - 

Error starting ApplicationContext. To display the condition evaluation report re-run your application with 'debug' enabled.
[2025-07-22 23:56:50:1549][main] ERROR o.s.b.d.LoggingFailureAnalysisReporter[40] - 

***************************
APPLICATION FAILED TO START
***************************

Description:

Failed to configure a DataSource: 'url' attribute is not specified and no embedded datasource could be configured.

Reason: Failed to determine a suitable driver class


Action:

Consider the following:
	If you want an embedded database (H2, HSQL or Derby), please put it on the classpath.
	If you have database settings to be loaded from a particular profile you may need to activate it (no profiles are currently active).

[2025-07-22 23:58:30:475][background-preinit] INFO  o.h.validator.internal.util.Version[21] - HV000001: Hibernate Validator 8.0.2.Final
[2025-07-22 23:58:30:509][main] INFO  com.SCSystem.ScSystemApplication[53] - Starting ScSystemApplication using Java 21.0.6 with PID 29220 (C:\dev\project\SCSystem\bin\main started by user in C:\dev\project\SCSystem)
[2025-07-22 23:58:30:509][main] INFO  com.SCSystem.ScSystemApplication[53] - Starting ScSystemApplication using Java 21.0.6 with PID 29220 (C:\dev\project\SCSystem\bin\main started by user in C:\dev\project\SCSystem)
[2025-07-22 23:58:30:509][main] DEBUG com.SCSystem.ScSystemApplication[54] - Running with Spring Boot v3.4.8-SNAPSHOT, Spring v6.2.9
[2025-07-22 23:58:30:509][main] DEBUG com.SCSystem.ScSystemApplication[54] - Running with Spring Boot v3.4.8-SNAPSHOT, Spring v6.2.9
[2025-07-22 23:58:30:510][main] INFO  com.SCSystem.ScSystemApplication[652] - No active profile set, falling back to 1 default profile: "default"
[2025-07-22 23:58:30:510][main] INFO  com.SCSystem.ScSystemApplication[652] - No active profile set, falling back to 1 default profile: "default"
[2025-07-22 23:58:31:1347][main] INFO  o.s.b.w.e.tomcat.TomcatWebServer[111] - Tomcat initialized with port 8080 (http)
[2025-07-22 23:58:31:1358][main] INFO  o.a.coyote.http11.Http11NioProtocol[168] - Initializing ProtocolHandler ["http-nio-8080"]
[2025-07-22 23:58:31:1360][main] INFO  o.a.catalina.core.StandardService[168] - Starting service [Tomcat]
[2025-07-22 23:58:31:1360][main] INFO  o.a.catalina.core.StandardEngine[168] - Starting Servlet engine: [Apache Tomcat/10.1.43]
[2025-07-22 23:58:31:1401][main] INFO  o.a.c.c.C.[Tomcat].[localhost].[/][168] - Initializing Spring embedded WebApplicationContext
[2025-07-22 23:58:31:1401][main] INFO  o.s.b.w.s.c.ServletWebServerApplicationContext[301] - Root WebApplicationContext: initialization completed in 860 ms
[2025-07-22 23:58:31:1472][main] WARN  o.s.b.w.s.c.AnnotationConfigServletWebServerApplicationContext[635] - Exception encountered during context initialization - cancelling refresh attempt: org.springframework.beans.factory.UnsatisfiedDependencyException: Error creating bean with name 'apiController': Unsatisfied dependency expressed through field 'apiService': Error creating bean with name 'apiService': Unsatisfied dependency expressed through field 'apiMapper': Error creating bean with name 'apiMapper' defined in file [C:\dev\project\SCSystem\bin\main\com\SCSystem\mapper\ApiMapper.class]: Cannot resolve reference to bean 'sqlSessionTemplate' while setting bean property 'sqlSessionTemplate'
[2025-07-22 23:58:31:1474][main] INFO  o.a.catalina.core.StandardService[168] - Stopping service [Tomcat]
[2025-07-22 23:58:31:1484][main] INFO  o.s.b.a.l.ConditionEvaluationReportLogger[82] - 

Error starting ApplicationContext. To display the condition evaluation report re-run your application with 'debug' enabled.
[2025-07-22 23:58:31:1497][main] ERROR o.s.b.d.LoggingFailureAnalysisReporter[40] - 

***************************
APPLICATION FAILED TO START
***************************

Description:

Failed to configure a DataSource: 'url' attribute is not specified and no embedded datasource could be configured.

Reason: Failed to determine a suitable driver class


Action:

Consider the following:
	If you want an embedded database (H2, HSQL or Derby), please put it on the classpath.
	If you have database settings to be loaded from a particular profile you may need to activate it (no profiles are currently active).

